<?xml version="1.0" encoding="UTF-8"?>
<!-- Generated by org.testng.reporters.JUnitReportReporter -->
<testsuite hostname="L-SFH8YYW7S2" failures="0" tests="1" name="tests.AmazonTest" time="50.844" errors="0" timestamp="2023-01-15T23:43:47 EST" skipped="0">
  <testcase classname="tests.AmazonTest" name="shopping_cart" time="50.844"/>
  <system-out/>
</testsuite> <!-- tests.AmazonTest -->
